<?xml version="1.0" encoding="UTF-8"?>
<testsuite xmlns:xsi="http://www.w3.org/2001/XMLSchema-instance" xsi:noNamespaceSchemaLocation="https://maven.apache.org/surefire/maven-surefire-plugin/xsd/surefire-test-report-3.0.xsd" version="3.0" name="runner.MyRunnerTest" time="20.403" tests="0" errors="0" skipped="0" failures="0">
  <properties>
    <property name="java.specification.version" value="16"/>
    <property name="webdriver.chrome.driver" value="/Users/bishnuprasadpanda/.cache/selenium/chromedriver/mac64/91.0.4472.101/chromedriver"/>
    <property name="sun.jnu.encoding" value="UTF-8"/>
    <property name="sun.awt.enableExtraMouseButtons" value="true"/>
    <property name="java.class.path" value="/Users/bishnuprasadpanda/Documents/PaloUtility/UIAutomation/Assignment/NTUC_Assignment/target/test-classes:/Users/bishnuprasadpanda/Documents/PaloUtility/UIAutomation/Assignment/NTUC_Assignment/target/classes:/Users/bishnuprasadpanda/.m2/repository/io/cucumber/cucumber-java/6.9.0/cucumber-java-6.9.0.jar:/Users/bishnuprasadpanda/.m2/repository/io/cucumber/cucumber-core/6.9.0/cucumber-core-6.9.0.jar:/Users/bishnuprasadpanda/.m2/repository/io/cucumber/cucumber-gherkin/6.9.0/cucumber-gherkin-6.9.0.jar:/Users/bishnuprasadpanda/.m2/repository/io/cucumber/cucumber-gherkin-messages/6.9.0/cucumber-gherkin-messages-6.9.0.jar:/Users/bishnuprasadpanda/.m2/repository/io/cucumber/messages/13.2.0/messages-13.2.0.jar:/Users/bishnuprasadpanda/.m2/repository/io/cucumber/tag-expressions/3.0.0/tag-expressions-3.0.0.jar:/Users/bishnuprasadpanda/.m2/repository/io/cucumber/cucumber-expressions/10.3.0/cucumber-expressions-10.3.0.jar:/Users/bishnuprasadpanda/.m2/repository/io/cucumber/datatable/3.5.0/datatable-3.5.0.jar:/Users/bishnuprasadpanda/.m2/repository/io/cucumber/cucumber-plugin/6.9.0/cucumber-plugin-6.9.0.jar:/Users/bishnuprasadpanda/.m2/repository/io/cucumber/docstring/6.9.0/docstring-6.9.0.jar:/Users/bishnuprasadpanda/.m2/repository/io/cucumber/html-formatter/9.0.0/html-formatter-9.0.0.jar:/Users/bishnuprasadpanda/.m2/repository/io/cucumber/create-meta/2.0.4/create-meta-2.0.4.jar:/Users/bishnuprasadpanda/.m2/repository/org/apiguardian/apiguardian-api/1.1.0/apiguardian-api-1.1.0.jar:/Users/bishnuprasadpanda/.m2/repository/io/cucumber/cucumber-junit/6.9.0/cucumber-junit-6.9.0.jar:/Users/bishnuprasadpanda/.m2/repository/junit/junit/4.13.1/junit-4.13.1.jar:/Users/bishnuprasadpanda/.m2/repository/org/hamcrest/hamcrest-core/1.3/hamcrest-core-1.3.jar:/Users/bishnuprasadpanda/.m2/repository/tech/grasshopper/extentreports-cucumber6-adapter/2.8.1/extentreports-cucumber6-adapter-2.8.1.jar:/Users/bishnuprasadpanda/.m2/repository/com/aventstack/extentreports/5.0.6/extentreports-5.0.6.jar:/Users/bishnuprasadpanda/.m2/repository/io/reactivex/rxjava3/rxjava/3.0.4/rxjava-3.0.4.jar:/Users/bishnuprasadpanda/.m2/repository/org/reactivestreams/reactive-streams/1.0.3/reactive-streams-1.0.3.jar:/Users/bishnuprasadpanda/.m2/repository/org/freemarker/freemarker/2.3.30/freemarker-2.3.30.jar:/Users/bishnuprasadpanda/.m2/repository/tech/grasshopper/extent-pdf-report/1.7.1/extent-pdf-report-1.7.1.jar:/Users/bishnuprasadpanda/.m2/repository/tech/grasshopper/cucumber-pdf-report/2.2.1/cucumber-pdf-report-2.2.1.jar:/Users/bishnuprasadpanda/.m2/repository/org/apache/pdfbox/pdfbox/2.0.22/pdfbox-2.0.22.jar:/Users/bishnuprasadpanda/.m2/repository/org/apache/pdfbox/fontbox/2.0.22/fontbox-2.0.22.jar:/Users/bishnuprasadpanda/.m2/repository/org/knowm/xchart/xchart/3.8.0/xchart-3.8.0.jar:/Users/bishnuprasadpanda/.m2/repository/de/erichseifert/vectorgraphics2d/VectorGraphics2D/0.13/VectorGraphics2D-0.13.jar:/Users/bishnuprasadpanda/.m2/repository/de/rototor/pdfbox/graphics2d/0.30/graphics2d-0.30.jar:/Users/bishnuprasadpanda/.m2/repository/com/madgag/animated-gif-lib/1.4/animated-gif-lib-1.4.jar:/Users/bishnuprasadpanda/.m2/repository/org/yaml/snakeyaml/1.28/snakeyaml-1.28.jar:/Users/bishnuprasadpanda/.m2/repository/tech/grasshopper/table-layout/1.2.0/table-layout-1.2.0.jar:/Users/bishnuprasadpanda/.m2/repository/com/aventstack/klov-reporter/5.0.6/klov-reporter-5.0.6.jar:/Users/bishnuprasadpanda/.m2/repository/org/mongodb/bson/3.6.4/bson-3.6.4.jar:/Users/bishnuprasadpanda/.m2/repository/org/apache/httpcomponents/httpclient/4.5.2/httpclient-4.5.2.jar:/Users/bishnuprasadpanda/.m2/repository/org/apache/httpcomponents/httpcore/4.4.4/httpcore-4.4.4.jar:/Users/bishnuprasadpanda/.m2/repository/commons-logging/commons-logging/1.2/commons-logging-1.2.jar:/Users/bishnuprasadpanda/.m2/repository/org/apache/httpcomponents/httpmime/4.5.2/httpmime-4.5.2.jar:/Users/bishnuprasadpanda/.m2/repository/org/mongodb/mongodb-driver/3.3.0/mongodb-driver-3.3.0.jar:/Users/bishnuprasadpanda/.m2/repository/org/mongodb/mongodb-driver-core/3.3.0/mongodb-driver-core-3.3.0.jar:/Users/bishnuprasadpanda/.m2/repository/org/testng/testng/6.14.3/testng-6.14.3.jar:/Users/bishnuprasadpanda/.m2/repository/com/beust/jcommander/1.72/jcommander-1.72.jar:/Users/bishnuprasadpanda/.m2/repository/org/apache-extras/beanshell/bsh/2.0b6/bsh-2.0b6.jar:/Users/bishnuprasadpanda/.m2/repository/io/cucumber/cucumber-testng/6.9.0/cucumber-testng-6.9.0.jar:/Users/bishnuprasadpanda/.m2/repository/log4j/log4j/1.2.17/log4j-1.2.17.jar:/Users/bishnuprasadpanda/.m2/repository/org/seleniumhq/selenium/selenium-java/3.141.59/selenium-java-3.141.59.jar:/Users/bishnuprasadpanda/.m2/repository/org/seleniumhq/selenium/selenium-api/3.141.59/selenium-api-3.141.59.jar:/Users/bishnuprasadpanda/.m2/repository/org/seleniumhq/selenium/selenium-chrome-driver/3.141.59/selenium-chrome-driver-3.141.59.jar:/Users/bishnuprasadpanda/.m2/repository/org/seleniumhq/selenium/selenium-edge-driver/3.141.59/selenium-edge-driver-3.141.59.jar:/Users/bishnuprasadpanda/.m2/repository/org/seleniumhq/selenium/selenium-firefox-driver/3.141.59/selenium-firefox-driver-3.141.59.jar:/Users/bishnuprasadpanda/.m2/repository/org/seleniumhq/selenium/selenium-ie-driver/3.141.59/selenium-ie-driver-3.141.59.jar:/Users/bishnuprasadpanda/.m2/repository/org/seleniumhq/selenium/selenium-opera-driver/3.141.59/selenium-opera-driver-3.141.59.jar:/Users/bishnuprasadpanda/.m2/repository/org/seleniumhq/selenium/selenium-remote-driver/3.141.59/selenium-remote-driver-3.141.59.jar:/Users/bishnuprasadpanda/.m2/repository/org/seleniumhq/selenium/selenium-safari-driver/3.141.59/selenium-safari-driver-3.141.59.jar:/Users/bishnuprasadpanda/.m2/repository/org/seleniumhq/selenium/selenium-support/3.141.59/selenium-support-3.141.59.jar:/Users/bishnuprasadpanda/.m2/repository/net/bytebuddy/byte-buddy/1.8.15/byte-buddy-1.8.15.jar:/Users/bishnuprasadpanda/.m2/repository/org/apache/commons/commons-exec/1.3/commons-exec-1.3.jar:/Users/bishnuprasadpanda/.m2/repository/com/google/guava/guava/25.0-jre/guava-25.0-jre.jar:/Users/bishnuprasadpanda/.m2/repository/com/google/code/findbugs/jsr305/1.3.9/jsr305-1.3.9.jar:/Users/bishnuprasadpanda/.m2/repository/org/checkerframework/checker-compat-qual/2.0.0/checker-compat-qual-2.0.0.jar:/Users/bishnuprasadpanda/.m2/repository/com/google/errorprone/error_prone_annotations/2.1.3/error_prone_annotations-2.1.3.jar:/Users/bishnuprasadpanda/.m2/repository/com/google/j2objc/j2objc-annotations/1.1/j2objc-annotations-1.1.jar:/Users/bishnuprasadpanda/.m2/repository/org/codehaus/mojo/animal-sniffer-annotations/1.14/animal-sniffer-annotations-1.14.jar:/Users/bishnuprasadpanda/.m2/repository/com/squareup/okhttp3/okhttp/3.11.0/okhttp-3.11.0.jar:/Users/bishnuprasadpanda/.m2/repository/com/squareup/okio/okio/1.14.0/okio-1.14.0.jar:/Users/bishnuprasadpanda/.m2/repository/io/github/bonigarcia/webdrivermanager/4.2.0/webdrivermanager-4.2.0.jar:/Users/bishnuprasadpanda/.m2/repository/org/slf4j/slf4j-api/1.7.30/slf4j-api-1.7.30.jar:/Users/bishnuprasadpanda/.m2/repository/commons-io/commons-io/2.7/commons-io-2.7.jar:/Users/bishnuprasadpanda/.m2/repository/com/google/code/gson/gson/2.8.6/gson-2.8.6.jar:/Users/bishnuprasadpanda/.m2/repository/org/apache/commons/commons-lang3/3.11/commons-lang3-3.11.jar:/Users/bishnuprasadpanda/.m2/repository/org/apache/httpcomponents/client5/httpclient5/5.0.1/httpclient5-5.0.1.jar:/Users/bishnuprasadpanda/.m2/repository/org/apache/httpcomponents/core5/httpcore5/5.0.1/httpcore5-5.0.1.jar:/Users/bishnuprasadpanda/.m2/repository/org/apache/httpcomponents/core5/httpcore5-h2/5.0.1/httpcore5-h2-5.0.1.jar:/Users/bishnuprasadpanda/.m2/repository/commons-codec/commons-codec/1.13/commons-codec-1.13.jar:/Users/bishnuprasadpanda/.m2/repository/org/rauschig/jarchivelib/1.0.0/jarchivelib-1.0.0.jar:/Users/bishnuprasadpanda/.m2/repository/org/apache/commons/commons-compress/1.18/commons-compress-1.18.jar:/Users/bishnuprasadpanda/.m2/repository/org/jsoup/jsoup/1.13.1/jsoup-1.13.1.jar:/Users/bishnuprasadpanda/.m2/repository/org/projectlombok/lombok/1.18.20/lombok-1.18.20.jar:"/>
    <property name="java.vm.vendor" value="Homebrew"/>
    <property name="sun.arch.data.model" value="64"/>
    <property name="sun.font.fontmanager" value="sun.font.CFontManager"/>
    <property name="java.vendor.url" value="https://github.com/Homebrew/homebrew-core/issues"/>
    <property name="user.timezone" value="Asia/Kolkata"/>
    <property name="os.name" value="Mac OS X"/>
    <property name="java.vm.specification.version" value="16"/>
    <property name="sun.java.launcher" value="SUN_STANDARD"/>
    <property name="user.country" value="GB"/>
    <property name="sun.boot.library.path" value="/usr/local/Cellar/openjdk/16.0.1/libexec/openjdk.jdk/Contents/Home/lib"/>
    <property name="sun.java.command" value="/Users/bishnuprasadpanda/Documents/PaloUtility/UIAutomation/Assignment/NTUC_Assignment/target/surefire/surefirebooter3976388823172336773.jar /Users/bishnuprasadpanda/Documents/PaloUtility/UIAutomation/Assignment/NTUC_Assignment/target/surefire 2021-09-23T12-12-11_029-jvmRun1 surefire14887439152076005550tmp surefire_01285199331164501488tmp"/>
    <property name="http.nonProxyHosts" value="local|*.local|169.254/16|*.169.254/16"/>
    <property name="jdk.debug" value="release"/>
    <property name="surefire.test.class.path" value="/Users/bishnuprasadpanda/Documents/PaloUtility/UIAutomation/Assignment/NTUC_Assignment/target/test-classes:/Users/bishnuprasadpanda/Documents/PaloUtility/UIAutomation/Assignment/NTUC_Assignment/target/classes:/Users/bishnuprasadpanda/.m2/repository/io/cucumber/cucumber-java/6.9.0/cucumber-java-6.9.0.jar:/Users/bishnuprasadpanda/.m2/repository/io/cucumber/cucumber-core/6.9.0/cucumber-core-6.9.0.jar:/Users/bishnuprasadpanda/.m2/repository/io/cucumber/cucumber-gherkin/6.9.0/cucumber-gherkin-6.9.0.jar:/Users/bishnuprasadpanda/.m2/repository/io/cucumber/cucumber-gherkin-messages/6.9.0/cucumber-gherkin-messages-6.9.0.jar:/Users/bishnuprasadpanda/.m2/repository/io/cucumber/messages/13.2.0/messages-13.2.0.jar:/Users/bishnuprasadpanda/.m2/repository/io/cucumber/tag-expressions/3.0.0/tag-expressions-3.0.0.jar:/Users/bishnuprasadpanda/.m2/repository/io/cucumber/cucumber-expressions/10.3.0/cucumber-expressions-10.3.0.jar:/Users/bishnuprasadpanda/.m2/repository/io/cucumber/datatable/3.5.0/datatable-3.5.0.jar:/Users/bishnuprasadpanda/.m2/repository/io/cucumber/cucumber-plugin/6.9.0/cucumber-plugin-6.9.0.jar:/Users/bishnuprasadpanda/.m2/repository/io/cucumber/docstring/6.9.0/docstring-6.9.0.jar:/Users/bishnuprasadpanda/.m2/repository/io/cucumber/html-formatter/9.0.0/html-formatter-9.0.0.jar:/Users/bishnuprasadpanda/.m2/repository/io/cucumber/create-meta/2.0.4/create-meta-2.0.4.jar:/Users/bishnuprasadpanda/.m2/repository/org/apiguardian/apiguardian-api/1.1.0/apiguardian-api-1.1.0.jar:/Users/bishnuprasadpanda/.m2/repository/io/cucumber/cucumber-junit/6.9.0/cucumber-junit-6.9.0.jar:/Users/bishnuprasadpanda/.m2/repository/junit/junit/4.13.1/junit-4.13.1.jar:/Users/bishnuprasadpanda/.m2/repository/org/hamcrest/hamcrest-core/1.3/hamcrest-core-1.3.jar:/Users/bishnuprasadpanda/.m2/repository/tech/grasshopper/extentreports-cucumber6-adapter/2.8.1/extentreports-cucumber6-adapter-2.8.1.jar:/Users/bishnuprasadpanda/.m2/repository/com/aventstack/extentreports/5.0.6/extentreports-5.0.6.jar:/Users/bishnuprasadpanda/.m2/repository/io/reactivex/rxjava3/rxjava/3.0.4/rxjava-3.0.4.jar:/Users/bishnuprasadpanda/.m2/repository/org/reactivestreams/reactive-streams/1.0.3/reactive-streams-1.0.3.jar:/Users/bishnuprasadpanda/.m2/repository/org/freemarker/freemarker/2.3.30/freemarker-2.3.30.jar:/Users/bishnuprasadpanda/.m2/repository/tech/grasshopper/extent-pdf-report/1.7.1/extent-pdf-report-1.7.1.jar:/Users/bishnuprasadpanda/.m2/repository/tech/grasshopper/cucumber-pdf-report/2.2.1/cucumber-pdf-report-2.2.1.jar:/Users/bishnuprasadpanda/.m2/repository/org/apache/pdfbox/pdfbox/2.0.22/pdfbox-2.0.22.jar:/Users/bishnuprasadpanda/.m2/repository/org/apache/pdfbox/fontbox/2.0.22/fontbox-2.0.22.jar:/Users/bishnuprasadpanda/.m2/repository/org/knowm/xchart/xchart/3.8.0/xchart-3.8.0.jar:/Users/bishnuprasadpanda/.m2/repository/de/erichseifert/vectorgraphics2d/VectorGraphics2D/0.13/VectorGraphics2D-0.13.jar:/Users/bishnuprasadpanda/.m2/repository/de/rototor/pdfbox/graphics2d/0.30/graphics2d-0.30.jar:/Users/bishnuprasadpanda/.m2/repository/com/madgag/animated-gif-lib/1.4/animated-gif-lib-1.4.jar:/Users/bishnuprasadpanda/.m2/repository/org/yaml/snakeyaml/1.28/snakeyaml-1.28.jar:/Users/bishnuprasadpanda/.m2/repository/tech/grasshopper/table-layout/1.2.0/table-layout-1.2.0.jar:/Users/bishnuprasadpanda/.m2/repository/com/aventstack/klov-reporter/5.0.6/klov-reporter-5.0.6.jar:/Users/bishnuprasadpanda/.m2/repository/org/mongodb/bson/3.6.4/bson-3.6.4.jar:/Users/bishnuprasadpanda/.m2/repository/org/apache/httpcomponents/httpclient/4.5.2/httpclient-4.5.2.jar:/Users/bishnuprasadpanda/.m2/repository/org/apache/httpcomponents/httpcore/4.4.4/httpcore-4.4.4.jar:/Users/bishnuprasadpanda/.m2/repository/commons-logging/commons-logging/1.2/commons-logging-1.2.jar:/Users/bishnuprasadpanda/.m2/repository/org/apache/httpcomponents/httpmime/4.5.2/httpmime-4.5.2.jar:/Users/bishnuprasadpanda/.m2/repository/org/mongodb/mongodb-driver/3.3.0/mongodb-driver-3.3.0.jar:/Users/bishnuprasadpanda/.m2/repository/org/mongodb/mongodb-driver-core/3.3.0/mongodb-driver-core-3.3.0.jar:/Users/bishnuprasadpanda/.m2/repository/org/testng/testng/6.14.3/testng-6.14.3.jar:/Users/bishnuprasadpanda/.m2/repository/com/beust/jcommander/1.72/jcommander-1.72.jar:/Users/bishnuprasadpanda/.m2/repository/org/apache-extras/beanshell/bsh/2.0b6/bsh-2.0b6.jar:/Users/bishnuprasadpanda/.m2/repository/io/cucumber/cucumber-testng/6.9.0/cucumber-testng-6.9.0.jar:/Users/bishnuprasadpanda/.m2/repository/log4j/log4j/1.2.17/log4j-1.2.17.jar:/Users/bishnuprasadpanda/.m2/repository/org/seleniumhq/selenium/selenium-java/3.141.59/selenium-java-3.141.59.jar:/Users/bishnuprasadpanda/.m2/repository/org/seleniumhq/selenium/selenium-api/3.141.59/selenium-api-3.141.59.jar:/Users/bishnuprasadpanda/.m2/repository/org/seleniumhq/selenium/selenium-chrome-driver/3.141.59/selenium-chrome-driver-3.141.59.jar:/Users/bishnuprasadpanda/.m2/repository/org/seleniumhq/selenium/selenium-edge-driver/3.141.59/selenium-edge-driver-3.141.59.jar:/Users/bishnuprasadpanda/.m2/repository/org/seleniumhq/selenium/selenium-firefox-driver/3.141.59/selenium-firefox-driver-3.141.59.jar:/Users/bishnuprasadpanda/.m2/repository/org/seleniumhq/selenium/selenium-ie-driver/3.141.59/selenium-ie-driver-3.141.59.jar:/Users/bishnuprasadpanda/.m2/repository/org/seleniumhq/selenium/selenium-opera-driver/3.141.59/selenium-opera-driver-3.141.59.jar:/Users/bishnuprasadpanda/.m2/repository/org/seleniumhq/selenium/selenium-remote-driver/3.141.59/selenium-remote-driver-3.141.59.jar:/Users/bishnuprasadpanda/.m2/repository/org/seleniumhq/selenium/selenium-safari-driver/3.141.59/selenium-safari-driver-3.141.59.jar:/Users/bishnuprasadpanda/.m2/repository/org/seleniumhq/selenium/selenium-support/3.141.59/selenium-support-3.141.59.jar:/Users/bishnuprasadpanda/.m2/repository/net/bytebuddy/byte-buddy/1.8.15/byte-buddy-1.8.15.jar:/Users/bishnuprasadpanda/.m2/repository/org/apache/commons/commons-exec/1.3/commons-exec-1.3.jar:/Users/bishnuprasadpanda/.m2/repository/com/google/guava/guava/25.0-jre/guava-25.0-jre.jar:/Users/bishnuprasadpanda/.m2/repository/com/google/code/findbugs/jsr305/1.3.9/jsr305-1.3.9.jar:/Users/bishnuprasadpanda/.m2/repository/org/checkerframework/checker-compat-qual/2.0.0/checker-compat-qual-2.0.0.jar:/Users/bishnuprasadpanda/.m2/repository/com/google/errorprone/error_prone_annotations/2.1.3/error_prone_annotations-2.1.3.jar:/Users/bishnuprasadpanda/.m2/repository/com/google/j2objc/j2objc-annotations/1.1/j2objc-annotations-1.1.jar:/Users/bishnuprasadpanda/.m2/repository/org/codehaus/mojo/animal-sniffer-annotations/1.14/animal-sniffer-annotations-1.14.jar:/Users/bishnuprasadpanda/.m2/repository/com/squareup/okhttp3/okhttp/3.11.0/okhttp-3.11.0.jar:/Users/bishnuprasadpanda/.m2/repository/com/squareup/okio/okio/1.14.0/okio-1.14.0.jar:/Users/bishnuprasadpanda/.m2/repository/io/github/bonigarcia/webdrivermanager/4.2.0/webdrivermanager-4.2.0.jar:/Users/bishnuprasadpanda/.m2/repository/org/slf4j/slf4j-api/1.7.30/slf4j-api-1.7.30.jar:/Users/bishnuprasadpanda/.m2/repository/commons-io/commons-io/2.7/commons-io-2.7.jar:/Users/bishnuprasadpanda/.m2/repository/com/google/code/gson/gson/2.8.6/gson-2.8.6.jar:/Users/bishnuprasadpanda/.m2/repository/org/apache/commons/commons-lang3/3.11/commons-lang3-3.11.jar:/Users/bishnuprasadpanda/.m2/repository/org/apache/httpcomponents/client5/httpclient5/5.0.1/httpclient5-5.0.1.jar:/Users/bishnuprasadpanda/.m2/repository/org/apache/httpcomponents/core5/httpcore5/5.0.1/httpcore5-5.0.1.jar:/Users/bishnuprasadpanda/.m2/repository/org/apache/httpcomponents/core5/httpcore5-h2/5.0.1/httpcore5-h2-5.0.1.jar:/Users/bishnuprasadpanda/.m2/repository/commons-codec/commons-codec/1.13/commons-codec-1.13.jar:/Users/bishnuprasadpanda/.m2/repository/org/rauschig/jarchivelib/1.0.0/jarchivelib-1.0.0.jar:/Users/bishnuprasadpanda/.m2/repository/org/apache/commons/commons-compress/1.18/commons-compress-1.18.jar:/Users/bishnuprasadpanda/.m2/repository/org/jsoup/jsoup/1.13.1/jsoup-1.13.1.jar:/Users/bishnuprasadpanda/.m2/repository/org/projectlombok/lombok/1.18.20/lombok-1.18.20.jar:"/>
    <property name="sun.cpu.endian" value="little"/>
    <property name="user.home" value="/Users/bishnuprasadpanda"/>
    <property name="user.language" value="en"/>
    <property name="java.specification.vendor" value="Oracle Corporation"/>
    <property name="java.version.date" value="2021-04-20"/>
    <property name="java.home" value="/usr/local/Cellar/openjdk/16.0.1/libexec/openjdk.jdk/Contents/Home"/>
    <property name="file.separator" value="/"/>
    <property name="basedir" value="/Users/bishnuprasadpanda/Documents/PaloUtility/UIAutomation/Assignment/NTUC_Assignment"/>
    <property name="java.vm.compressedOopsMode" value="Zero based"/>
    <property name="line.separator" value="&#10;"/>
    <property name="java.vm.specification.vendor" value="Oracle Corporation"/>
    <property name="java.specification.name" value="Java Platform API Specification"/>
    <property name="surefire.real.class.path" value="/Users/bishnuprasadpanda/Documents/PaloUtility/UIAutomation/Assignment/NTUC_Assignment/target/surefire/surefirebooter3976388823172336773.jar"/>
    <property name="sun.management.compiler" value="HotSpot 64-Bit Tiered Compilers"/>
    <property name="ftp.nonProxyHosts" value="local|*.local|169.254/16|*.169.254/16"/>
    <property name="java.runtime.version" value="16.0.1+0"/>
    <property name="user.name" value="bishnuprasadpanda"/>
    <property name="path.separator" value=":"/>
    <property name="os.version" value="11.4"/>
    <property name="java.runtime.name" value="OpenJDK Runtime Environment"/>
    <property name="file.encoding" value="UTF-8"/>
    <property name="java.vm.name" value="OpenJDK 64-Bit Server VM"/>
    <property name="java.vendor.version" value="Homebrew"/>
    <property name="localRepository" value="/Users/bishnuprasadpanda/.m2/repository"/>
    <property name="java.vendor.url.bug" value="https://github.com/Homebrew/homebrew-core/issues"/>
    <property name="java.io.tmpdir" value="/var/folders/7g/yw7gd6ss7rv_crjkgkmsdgph0000gn/T/"/>
    <property name="java.version" value="16.0.1"/>
    <property name="user.dir" value="/Users/bishnuprasadpanda/Documents/PaloUtility/UIAutomation/Assignment/NTUC_Assignment"/>
    <property name="os.arch" value="x86_64"/>
    <property name="java.vm.specification.name" value="Java Virtual Machine Specification"/>
    <property name="java.library.path" value="/Users/bishnuprasadpanda/Library/Java/Extensions:/Library/Java/Extensions:/Network/Library/Java/Extensions:/System/Library/Java/Extensions:/usr/lib/java:."/>
    <property name="java.vm.info" value="mixed mode, sharing"/>
    <property name="java.vendor" value="Homebrew"/>
    <property name="java.vm.version" value="16.0.1+0"/>
    <property name="sun.io.unicode.encoding" value="UnicodeBig"/>
    <property name="socksNonProxyHosts" value="local|*.local|169.254/16|*.169.254/16"/>
    <property name="java.class.version" value="60.0"/>
  </properties>
</testsuite>